[2025-04-13T09:22:33.697+0000] {manager.py:483} INFO - Processing files using up to 1 processes at a time 
[2025-04-13T09:22:33.699+0000] {manager.py:484} INFO - Process each file at most once every 30 seconds
[2025-04-13T09:22:33.700+0000] {manager.py:485} INFO - Checking for new files in /opt/airflow/dags every 300 seconds
[2025-04-13T09:22:33.701+0000] {manager.py:821} INFO - Searching for files in /opt/airflow/dags
[2025-04-13T09:22:33.705+0000] {manager.py:824} INFO - There are 0 files in /opt/airflow/dags
[2025-04-13T09:24:54.931+0000] {manager.py:483} INFO - Processing files using up to 1 processes at a time 
[2025-04-13T09:24:54.932+0000] {manager.py:484} INFO - Process each file at most once every 30 seconds
[2025-04-13T09:24:54.933+0000] {manager.py:485} INFO - Checking for new files in /opt/airflow/dags every 300 seconds
[2025-04-13T09:24:54.934+0000] {manager.py:821} INFO - Searching for files in /opt/airflow/dags
[2025-04-13T09:24:54.935+0000] {manager.py:824} INFO - There are 0 files in /opt/airflow/dags
[2025-04-13T09:29:57.507+0000] {manager.py:821} INFO - Searching for files in /opt/airflow/dags
[2025-04-13T09:29:57.606+0000] {manager.py:824} INFO - There are 0 files in /opt/airflow/dags
[2025-04-13T09:34:58.556+0000] {manager.py:821} INFO - Searching for files in /opt/airflow/dags
[2025-04-13T09:34:58.621+0000] {manager.py:824} INFO - There are 0 files in /opt/airflow/dags
[2025-04-13T09:39:59.522+0000] {manager.py:821} INFO - Searching for files in /opt/airflow/dags
[2025-04-13T09:39:59.683+0000] {manager.py:824} INFO - There are 1 files in /opt/airflow/dags
[2025-04-13T09:40:05.338+0000] {manager.py:997} INFO - 
================================================================================
DAG File Processing Stats

File Path                      PID    Runtime      # DAGs    # Errors  Last Runtime    Last Run               Last # of DB Queries
-----------------------------  -----  ---------  --------  ----------  --------------  -------------------  ----------------------
/opt/airflow/dags/firstJob.py                           1           0  3.70s           2025-04-13T09:40:04                      45
================================================================================
[2025-04-13T09:40:36.456+0000] {manager.py:997} INFO - 
================================================================================
DAG File Processing Stats

File Path                      PID    Runtime      # DAGs    # Errors  Last Runtime    Last Run               Last # of DB Queries
-----------------------------  -----  ---------  --------  ----------  --------------  -------------------  ----------------------
/opt/airflow/dags/firstJob.py                           1           0  0.52s           2025-04-13T09:40:35                      12
================================================================================
[2025-04-13T09:44:50.074+0000] {manager.py:465} INFO - Exiting gracefully upon receiving signal 15
[2025-04-13T09:45:01.289+0000] {manager.py:483} INFO - Processing files using up to 1 processes at a time 
[2025-04-13T09:45:01.292+0000] {manager.py:484} INFO - Process each file at most once every 30 seconds
[2025-04-13T09:45:01.294+0000] {manager.py:485} INFO - Checking for new files in /opt/airflow/dags every 300 seconds
[2025-04-13T09:45:01.295+0000] {manager.py:821} INFO - Searching for files in /opt/airflow/dags
[2025-04-13T09:45:01.400+0000] {manager.py:824} INFO - There are 1 files in /opt/airflow/dags
[2025-04-13T09:45:07.375+0000] {manager.py:997} INFO - 
================================================================================
DAG File Processing Stats

File Path                      PID    Runtime      # DAGs    # Errors  Last Runtime    Last Run               Last # of DB Queries
-----------------------------  -----  ---------  --------  ----------  --------------  -------------------  ----------------------
/opt/airflow/dags/firstJob.py                           1           0  3.32s           2025-04-13T09:45:07                      12
================================================================================
[2025-04-13T09:47:05.711+0000] {manager.py:465} INFO - Exiting gracefully upon receiving signal 15
[2025-04-13T09:47:09.626+0000] {manager.py:483} INFO - Processing files using up to 1 processes at a time 
[2025-04-13T09:47:09.627+0000] {manager.py:484} INFO - Process each file at most once every 30 seconds
[2025-04-13T09:47:09.630+0000] {manager.py:485} INFO - Checking for new files in /opt/airflow/dags every 300 seconds
[2025-04-13T09:47:09.631+0000] {manager.py:821} INFO - Searching for files in /opt/airflow/dags
[2025-04-13T09:47:09.685+0000] {manager.py:824} INFO - There are 1 files in /opt/airflow/dags
[2025-04-13T09:47:10.990+0000] {manager.py:997} INFO - 
================================================================================
DAG File Processing Stats

File Path                      PID    Runtime      # DAGs    # Errors  Last Runtime    Last Run               Last # of DB Queries
-----------------------------  -----  ---------  --------  ----------  --------------  -------------------  ----------------------
/opt/airflow/dags/firstJob.py                           1           0  0.92s           2025-04-13T09:47:10                      12
================================================================================
[2025-04-13T09:47:42.050+0000] {manager.py:997} INFO - 
================================================================================
DAG File Processing Stats

File Path                      PID    Runtime      # DAGs    # Errors  Last Runtime    Last Run               Last # of DB Queries
-----------------------------  -----  ---------  --------  ----------  --------------  -------------------  ----------------------
/opt/airflow/dags/firstJob.py                           1           0  0.31s           2025-04-13T09:47:42                      12
================================================================================
[2025-04-13T09:48:12.851+0000] {manager.py:997} INFO - 
================================================================================
DAG File Processing Stats

File Path                      PID    Runtime      # DAGs    # Errors  Last Runtime    Last Run               Last # of DB Queries
-----------------------------  -----  ---------  --------  ----------  --------------  -------------------  ----------------------
/opt/airflow/dags/firstJob.py                           1           0  0.72s           2025-04-13T09:48:12                      12
================================================================================
[2025-04-13T09:48:44.155+0000] {manager.py:997} INFO - 
================================================================================
DAG File Processing Stats

File Path                      PID    Runtime      # DAGs    # Errors  Last Runtime    Last Run               Last # of DB Queries
-----------------------------  -----  ---------  --------  ----------  --------------  -------------------  ----------------------
/opt/airflow/dags/firstJob.py                           1           0  0.72s           2025-04-13T09:48:44                      12
================================================================================
[2025-04-13T09:49:15.024+0000] {manager.py:997} INFO - 
================================================================================
DAG File Processing Stats

File Path                      PID    Runtime      # DAGs    # Errors  Last Runtime    Last Run               Last # of DB Queries
-----------------------------  -----  ---------  --------  ----------  --------------  -------------------  ----------------------
/opt/airflow/dags/firstJob.py                           1           0  0.32s           2025-04-13T09:49:15                      12
================================================================================
[2025-04-15T15:39:30.209+0000] {manager.py:483} INFO - Processing files using up to 1 processes at a time 
[2025-04-15T15:39:30.228+0000] {manager.py:484} INFO - Process each file at most once every 30 seconds
[2025-04-15T15:39:30.231+0000] {manager.py:485} INFO - Checking for new files in /opt/airflow/dags every 300 seconds
[2025-04-15T15:39:30.234+0000] {manager.py:821} INFO - Searching for files in /opt/airflow/dags
[2025-04-15T15:39:30.608+0000] {manager.py:824} INFO - There are 1 files in /opt/airflow/dags
[2025-04-15T15:39:35.978+0000] {manager.py:997} INFO - 
================================================================================
DAG File Processing Stats

File Path                      PID    Runtime      # DAGs    # Errors  Last Runtime    Last Run               Last # of DB Queries
-----------------------------  -----  ---------  --------  ----------  --------------  -------------------  ----------------------
/opt/airflow/dags/firstJob.py                           1           0  4.04s           2025-04-15T15:39:35                      34
================================================================================
[2025-04-15T15:40:06.561+0000] {manager.py:997} INFO - 
================================================================================
DAG File Processing Stats

File Path                      PID    Runtime      # DAGs    # Errors  Last Runtime    Last Run               Last # of DB Queries
-----------------------------  -----  ---------  --------  ----------  --------------  -------------------  ----------------------
/opt/airflow/dags/firstJob.py                           1           0  0.32s           2025-04-15T15:40:06                      12
================================================================================
[2025-04-15T15:40:38.102+0000] {manager.py:997} INFO - 
================================================================================
DAG File Processing Stats

File Path                      PID    Runtime      # DAGs    # Errors  Last Runtime    Last Run               Last # of DB Queries
-----------------------------  -----  ---------  --------  ----------  --------------  -------------------  ----------------------
/opt/airflow/dags/firstJob.py                           1           0  1.23s           2025-04-15T15:40:38                      12
================================================================================
[2025-04-15T15:41:10.415+0000] {manager.py:997} INFO - 
================================================================================
DAG File Processing Stats

File Path                      PID    Runtime      # DAGs    # Errors  Last Runtime    Last Run               Last # of DB Queries
-----------------------------  -----  ---------  --------  ----------  --------------  -------------------  ----------------------
/opt/airflow/dags/firstJob.py                           1           0  1.75s           2025-04-15T15:41:10                      12
================================================================================
[2025-04-15T15:41:41.104+0000] {manager.py:997} INFO - 
================================================================================
DAG File Processing Stats

File Path                      PID    Runtime      # DAGs    # Errors  Last Runtime    Last Run               Last # of DB Queries
-----------------------------  -----  ---------  --------  ----------  --------------  -------------------  ----------------------
/opt/airflow/dags/firstJob.py                           1           0  0.52s           2025-04-15T15:41:41                      12
================================================================================
[2025-04-15T15:42:12.825+0000] {manager.py:997} INFO - 
================================================================================
DAG File Processing Stats

File Path                      PID    Runtime      # DAGs    # Errors  Last Runtime    Last Run               Last # of DB Queries
-----------------------------  -----  ---------  --------  ----------  --------------  -------------------  ----------------------
/opt/airflow/dags/firstJob.py                           1           0  0.59s           2025-04-15T15:42:12                      12
================================================================================
[2025-04-15T15:42:43.944+0000] {manager.py:997} INFO - 
================================================================================
DAG File Processing Stats

File Path                      PID    Runtime      # DAGs    # Errors  Last Runtime    Last Run               Last # of DB Queries
-----------------------------  -----  ---------  --------  ----------  --------------  -------------------  ----------------------
/opt/airflow/dags/firstJob.py                           1           0  0.42s           2025-04-15T15:42:43                      12
================================================================================
[2025-04-15T15:43:15.610+0000] {manager.py:997} INFO - 
================================================================================
DAG File Processing Stats

File Path                      PID    Runtime      # DAGs    # Errors  Last Runtime    Last Run               Last # of DB Queries
-----------------------------  -----  ---------  --------  ----------  --------------  -------------------  ----------------------
/opt/airflow/dags/firstJob.py                           1           0  0.72s           2025-04-15T15:43:15                      12
================================================================================
[2025-04-15T15:43:46.862+0000] {manager.py:997} INFO - 
================================================================================
DAG File Processing Stats

File Path                      PID    Runtime      # DAGs    # Errors  Last Runtime    Last Run               Last # of DB Queries
-----------------------------  -----  ---------  --------  ----------  --------------  -------------------  ----------------------
/opt/airflow/dags/firstJob.py                           1           0  0.53s           2025-04-15T15:43:46                      12
================================================================================
[2025-04-15T15:44:17.772+0000] {manager.py:997} INFO - 
================================================================================
DAG File Processing Stats

File Path                      PID    Runtime      # DAGs    # Errors  Last Runtime    Last Run               Last # of DB Queries
-----------------------------  -----  ---------  --------  ----------  --------------  -------------------  ----------------------
/opt/airflow/dags/firstJob.py                           1           0  2.15s           2025-04-15T15:43:52                      12
================================================================================
[2025-04-15T15:44:30.493+0000] {manager.py:821} INFO - Searching for files in /opt/airflow/dags
[2025-04-15T15:44:30.554+0000] {manager.py:824} INFO - There are 1 files in /opt/airflow/dags
[2025-04-15T15:44:49.095+0000] {manager.py:997} INFO - 
================================================================================
DAG File Processing Stats

File Path                      PID    Runtime      # DAGs    # Errors  Last Runtime    Last Run               Last # of DB Queries
-----------------------------  -----  ---------  --------  ----------  --------------  -------------------  ----------------------
/opt/airflow/dags/firstJob.py                           1           0  0.31s           2025-04-15T15:44:23                      12
================================================================================
[2025-04-15T15:45:19.609+0000] {manager.py:997} INFO - 
================================================================================
DAG File Processing Stats

File Path                      PID    Runtime      # DAGs    # Errors  Last Runtime    Last Run               Last # of DB Queries
-----------------------------  -----  ---------  --------  ----------  --------------  -------------------  ----------------------
/opt/airflow/dags/firstJob.py                           1           0  0.42s           2025-04-15T15:44:54                      12
================================================================================
[2025-04-15T15:45:50.066+0000] {manager.py:997} INFO - 
================================================================================
DAG File Processing Stats

File Path                      PID    Runtime      # DAGs    # Errors  Last Runtime    Last Run               Last # of DB Queries
-----------------------------  -----  ---------  --------  ----------  --------------  -------------------  ----------------------
/opt/airflow/dags/firstJob.py                           1           0  0.82s           2025-04-15T15:45:26                      12
================================================================================
[2025-04-15T15:46:20.481+0000] {manager.py:997} INFO - 
================================================================================
DAG File Processing Stats

File Path                      PID    Runtime      # DAGs    # Errors  Last Runtime    Last Run               Last # of DB Queries
-----------------------------  -----  ---------  --------  ----------  --------------  -------------------  ----------------------
/opt/airflow/dags/firstJob.py                           1           0  0.42s           2025-04-15T15:45:56                      12
================================================================================
[2025-04-15T15:46:51.643+0000] {manager.py:997} INFO - 
================================================================================
DAG File Processing Stats

File Path                      PID    Runtime      # DAGs    # Errors  Last Runtime    Last Run               Last # of DB Queries
-----------------------------  -----  ---------  --------  ----------  --------------  -------------------  ----------------------
/opt/airflow/dags/firstJob.py                           1           0  0.31s           2025-04-15T15:46:27                      12
================================================================================
[2025-04-15T15:47:22.139+0000] {manager.py:997} INFO - 
================================================================================
DAG File Processing Stats

File Path                      PID    Runtime      # DAGs    # Errors  Last Runtime    Last Run               Last # of DB Queries
-----------------------------  -----  ---------  --------  ----------  --------------  -------------------  ----------------------
/opt/airflow/dags/firstJob.py                           1           0  0.51s           2025-04-15T15:46:58                      12
================================================================================
[2025-04-15T15:47:52.741+0000] {manager.py:997} INFO - 
================================================================================
DAG File Processing Stats

File Path                      PID    Runtime      # DAGs    # Errors  Last Runtime    Last Run               Last # of DB Queries
-----------------------------  -----  ---------  --------  ----------  --------------  -------------------  ----------------------
/opt/airflow/dags/firstJob.py                           1           0  0.41s           2025-04-15T15:47:29                      12
================================================================================
[2025-04-15T15:48:23.380+0000] {manager.py:997} INFO - 
================================================================================
DAG File Processing Stats

File Path                      PID    Runtime      # DAGs    # Errors  Last Runtime    Last Run               Last # of DB Queries
-----------------------------  -----  ---------  --------  ----------  --------------  -------------------  ----------------------
/opt/airflow/dags/firstJob.py                           1           0  0.41s           2025-04-15T15:47:59                      12
================================================================================
[2025-04-15T15:48:53.788+0000] {manager.py:997} INFO - 
================================================================================
DAG File Processing Stats

File Path                      PID    Runtime      # DAGs    # Errors  Last Runtime    Last Run               Last # of DB Queries
-----------------------------  -----  ---------  --------  ----------  --------------  -------------------  ----------------------
/opt/airflow/dags/firstJob.py                           1           0  0.62s           2025-04-15T15:48:30                      12
================================================================================
[2025-04-15T15:49:24.013+0000] {manager.py:997} INFO - 
================================================================================
DAG File Processing Stats

File Path                      PID    Runtime      # DAGs    # Errors  Last Runtime    Last Run               Last # of DB Queries
-----------------------------  -----  ---------  --------  ----------  --------------  -------------------  ----------------------
/opt/airflow/dags/firstJob.py                           1           0  0.41s           2025-04-15T15:49:02                      12
================================================================================
[2025-04-15T15:49:30.733+0000] {manager.py:821} INFO - Searching for files in /opt/airflow/dags
[2025-04-15T15:49:30.827+0000] {manager.py:824} INFO - There are 1 files in /opt/airflow/dags
[2025-04-15T15:49:54.749+0000] {manager.py:997} INFO - 
================================================================================
DAG File Processing Stats

File Path                      PID    Runtime      # DAGs    # Errors  Last Runtime    Last Run               Last # of DB Queries
-----------------------------  -----  ---------  --------  ----------  --------------  -------------------  ----------------------
/opt/airflow/dags/firstJob.py                           1           0  0.61s           2025-04-15T15:49:33                      12
================================================================================
[2025-04-15T15:50:25.216+0000] {manager.py:997} INFO - 
================================================================================
DAG File Processing Stats

File Path                      PID    Runtime      # DAGs    # Errors  Last Runtime    Last Run               Last # of DB Queries
-----------------------------  -----  ---------  --------  ----------  --------------  -------------------  ----------------------
/opt/airflow/dags/firstJob.py                           1           0  0.52s           2025-04-15T15:50:04                      12
================================================================================
[2025-04-15T15:50:55.409+0000] {manager.py:997} INFO - 
================================================================================
DAG File Processing Stats

File Path                      PID    Runtime      # DAGs    # Errors  Last Runtime    Last Run               Last # of DB Queries
-----------------------------  -----  ---------  --------  ----------  --------------  -------------------  ----------------------
/opt/airflow/dags/firstJob.py                           1           0  0.31s           2025-04-15T15:50:35                      12
================================================================================
[2025-04-15T15:51:26.371+0000] {manager.py:997} INFO - 
================================================================================
DAG File Processing Stats

File Path                      PID    Runtime      # DAGs    # Errors  Last Runtime    Last Run               Last # of DB Queries
-----------------------------  -----  ---------  --------  ----------  --------------  -------------------  ----------------------
/opt/airflow/dags/firstJob.py                           1           0  0.41s           2025-04-15T15:51:06                      12
================================================================================
[2025-04-15T15:51:56.625+0000] {manager.py:997} INFO - 
================================================================================
DAG File Processing Stats

File Path                      PID    Runtime      # DAGs    # Errors  Last Runtime    Last Run               Last # of DB Queries
-----------------------------  -----  ---------  --------  ----------  --------------  -------------------  ----------------------
/opt/airflow/dags/firstJob.py                           1           0  0.32s           2025-04-15T15:51:36                      12
================================================================================
[2025-04-15T15:52:27.454+0000] {manager.py:997} INFO - 
================================================================================
DAG File Processing Stats

File Path                      PID    Runtime      # DAGs    # Errors  Last Runtime    Last Run               Last # of DB Queries
-----------------------------  -----  ---------  --------  ----------  --------------  -------------------  ----------------------
/opt/airflow/dags/firstJob.py                           1           0  1.43s           2025-04-15T15:52:08                      12
================================================================================
[2025-04-15T15:52:57.917+0000] {manager.py:997} INFO - 
================================================================================
DAG File Processing Stats

File Path                      PID    Runtime      # DAGs    # Errors  Last Runtime    Last Run               Last # of DB Queries
-----------------------------  -----  ---------  --------  ----------  --------------  -------------------  ----------------------
/opt/airflow/dags/firstJob.py                           1           0  0.71s           2025-04-15T15:52:40                      12
================================================================================
[2025-04-15T15:53:28.109+0000] {manager.py:997} INFO - 
================================================================================
DAG File Processing Stats

File Path                      PID    Runtime      # DAGs    # Errors  Last Runtime    Last Run               Last # of DB Queries
-----------------------------  -----  ---------  --------  ----------  --------------  -------------------  ----------------------
/opt/airflow/dags/firstJob.py                           1           0  0.42s           2025-04-15T15:53:11                      12
================================================================================
[2025-04-15T15:53:58.778+0000] {manager.py:997} INFO - 
================================================================================
DAG File Processing Stats

File Path                      PID    Runtime      # DAGs    # Errors  Last Runtime    Last Run               Last # of DB Queries
-----------------------------  -----  ---------  --------  ----------  --------------  -------------------  ----------------------
/opt/airflow/dags/firstJob.py                           1           0  0.41s           2025-04-15T15:53:41                      12
================================================================================
[2025-04-15T15:54:28.996+0000] {manager.py:997} INFO - 
================================================================================
DAG File Processing Stats

File Path                      PID    Runtime      # DAGs    # Errors  Last Runtime    Last Run               Last # of DB Queries
-----------------------------  -----  ---------  --------  ----------  --------------  -------------------  ----------------------
/opt/airflow/dags/firstJob.py                           1           0  0.61s           2025-04-15T15:54:12                      12
================================================================================
[2025-04-15T15:54:31.391+0000] {manager.py:821} INFO - Searching for files in /opt/airflow/dags
[2025-04-15T15:54:31.529+0000] {manager.py:824} INFO - There are 1 files in /opt/airflow/dags
[2025-04-15T15:54:59.506+0000] {manager.py:997} INFO - 
================================================================================
DAG File Processing Stats

File Path                      PID    Runtime      # DAGs    # Errors  Last Runtime    Last Run               Last # of DB Queries
-----------------------------  -----  ---------  --------  ----------  --------------  -------------------  ----------------------
/opt/airflow/dags/firstJob.py                           1           0  0.41s           2025-04-15T15:54:43                      12
================================================================================
[2025-04-15T15:55:30.132+0000] {manager.py:997} INFO - 
================================================================================
DAG File Processing Stats

File Path                      PID    Runtime      # DAGs    # Errors  Last Runtime    Last Run               Last # of DB Queries
-----------------------------  -----  ---------  --------  ----------  --------------  -------------------  ----------------------
/opt/airflow/dags/firstJob.py                           1           0  0.71s           2025-04-15T15:55:15                      12
================================================================================
[2025-04-15T15:56:00.770+0000] {manager.py:997} INFO - 
================================================================================
DAG File Processing Stats

File Path                      PID    Runtime      # DAGs    # Errors  Last Runtime    Last Run               Last # of DB Queries
-----------------------------  -----  ---------  --------  ----------  --------------  -------------------  ----------------------
/opt/airflow/dags/firstJob.py                           1           0  0.44s           2025-04-15T15:55:46                      12
================================================================================
[2025-04-15T15:57:21.159+0000] {manager.py:483} INFO - Processing files using up to 1 processes at a time 
[2025-04-15T15:57:21.161+0000] {manager.py:484} INFO - Process each file at most once every 30 seconds
[2025-04-15T15:57:21.161+0000] {manager.py:485} INFO - Checking for new files in /opt/airflow/dags every 300 seconds
[2025-04-15T15:57:21.163+0000] {manager.py:821} INFO - Searching for files in /opt/airflow/dags
[2025-04-15T15:57:21.201+0000] {manager.py:824} INFO - There are 1 files in /opt/airflow/dags
[2025-04-15T15:57:22.326+0000] {manager.py:997} INFO - 
================================================================================
DAG File Processing Stats

File Path                      PID    Runtime      # DAGs    # Errors  Last Runtime    Last Run               Last # of DB Queries
-----------------------------  -----  ---------  --------  ----------  --------------  -------------------  ----------------------
/opt/airflow/dags/firstJob.py                           1           0  0.93s           2025-04-15T15:57:22                      12
================================================================================
[2025-04-15T15:57:54.064+0000] {manager.py:997} INFO - 
================================================================================
DAG File Processing Stats

File Path                      PID    Runtime      # DAGs    # Errors  Last Runtime    Last Run               Last # of DB Queries
-----------------------------  -----  ---------  --------  ----------  --------------  -------------------  ----------------------
/opt/airflow/dags/firstJob.py                           1           0  0.51s           2025-04-15T15:57:54                      12
================================================================================
[2025-04-15T15:58:26.241+0000] {manager.py:997} INFO - 
================================================================================
DAG File Processing Stats

File Path                      PID    Runtime      # DAGs    # Errors  Last Runtime    Last Run               Last # of DB Queries
-----------------------------  -----  ---------  --------  ----------  --------------  -------------------  ----------------------
/opt/airflow/dags/firstJob.py                           1           0  0.72s           2025-04-15T15:58:26                      12
================================================================================
[2025-04-15T15:58:58.590+0000] {manager.py:997} INFO - 
================================================================================
DAG File Processing Stats

File Path                      PID    Runtime      # DAGs    # Errors  Last Runtime    Last Run               Last # of DB Queries
-----------------------------  -----  ---------  --------  ----------  --------------  -------------------  ----------------------
/opt/airflow/dags/firstJob.py                           1           0  0.72s           2025-04-15T15:58:58                      12
================================================================================
[2025-04-15T15:59:29.922+0000] {manager.py:997} INFO - 
================================================================================
DAG File Processing Stats

File Path                      PID    Runtime      # DAGs    # Errors  Last Runtime    Last Run               Last # of DB Queries
-----------------------------  -----  ---------  --------  ----------  --------------  -------------------  ----------------------
/opt/airflow/dags/firstJob.py                           1           0  0.30s           2025-04-15T15:59:29                      12
================================================================================
[2025-04-15T16:00:01.058+0000] {manager.py:997} INFO - 
================================================================================
DAG File Processing Stats

File Path                      PID    Runtime      # DAGs    # Errors  Last Runtime    Last Run               Last # of DB Queries
-----------------------------  -----  ---------  --------  ----------  --------------  -------------------  ----------------------
/opt/airflow/dags/firstJob.py                           1           0  0.41s           2025-04-15T16:00:01                      12
================================================================================
[2025-04-15T16:00:56.013+0000] {manager.py:483} INFO - Processing files using up to 1 processes at a time 
[2025-04-15T16:00:56.016+0000] {manager.py:484} INFO - Process each file at most once every 30 seconds
[2025-04-15T16:00:56.017+0000] {manager.py:485} INFO - Checking for new files in /opt/airflow/dags every 300 seconds
[2025-04-15T16:00:56.018+0000] {manager.py:821} INFO - Searching for files in /opt/airflow/dags
[2025-04-15T16:00:56.072+0000] {manager.py:824} INFO - There are 1 files in /opt/airflow/dags
[2025-04-15T16:00:58.439+0000] {manager.py:997} INFO - 
================================================================================
DAG File Processing Stats

File Path                      PID    Runtime      # DAGs    # Errors  Last Runtime    Last Run               Last # of DB Queries
-----------------------------  -----  ---------  --------  ----------  --------------  -------------------  ----------------------
/opt/airflow/dags/firstJob.py                           1           0  1.98s           2025-04-15T16:00:58                      12
================================================================================
[2025-04-15T16:01:29.931+0000] {manager.py:997} INFO - 
================================================================================
DAG File Processing Stats

File Path                      PID    Runtime      # DAGs    # Errors  Last Runtime    Last Run               Last # of DB Queries
-----------------------------  -----  ---------  --------  ----------  --------------  -------------------  ----------------------
/opt/airflow/dags/firstJob.py                           1           0  0.41s           2025-04-15T16:01:29                      12
================================================================================
[2025-04-15T16:02:01.349+0000] {manager.py:997} INFO - 
================================================================================
DAG File Processing Stats

File Path                      PID    Runtime      # DAGs    # Errors  Last Runtime    Last Run               Last # of DB Queries
-----------------------------  -----  ---------  --------  ----------  --------------  -------------------  ----------------------
/opt/airflow/dags/firstJob.py                           1           0  0.31s           2025-04-15T16:02:01                      12
================================================================================
[2025-04-15T16:02:32.211+0000] {manager.py:997} INFO - 
================================================================================
DAG File Processing Stats

File Path                      PID    Runtime      # DAGs    # Errors  Last Runtime    Last Run               Last # of DB Queries
-----------------------------  -----  ---------  --------  ----------  --------------  -------------------  ----------------------
/opt/airflow/dags/firstJob.py                           1           0  0.41s           2025-04-15T16:02:32                      12
================================================================================
[2025-04-15T16:03:03.682+0000] {manager.py:997} INFO - 
================================================================================
DAG File Processing Stats

File Path                      PID    Runtime      # DAGs    # Errors  Last Runtime    Last Run               Last # of DB Queries
-----------------------------  -----  ---------  --------  ----------  --------------  -------------------  ----------------------
/opt/airflow/dags/firstJob.py                           1           0  0.41s           2025-04-15T16:03:03                      12
================================================================================
[2025-04-15T16:03:35.423+0000] {manager.py:997} INFO - 
================================================================================
DAG File Processing Stats

File Path                      PID    Runtime      # DAGs    # Errors  Last Runtime    Last Run               Last # of DB Queries
-----------------------------  -----  ---------  --------  ----------  --------------  -------------------  ----------------------
/opt/airflow/dags/firstJob.py                           1           0  0.41s           2025-04-15T16:03:35                      12
================================================================================
[2025-04-15T16:04:05.905+0000] {manager.py:997} INFO - 
================================================================================
DAG File Processing Stats

File Path                      PID    Runtime      # DAGs    # Errors  Last Runtime    Last Run               Last # of DB Queries
-----------------------------  -----  ---------  --------  ----------  --------------  -------------------  ----------------------
/opt/airflow/dags/firstJob.py                           1           0  0.31s           2025-04-15T16:04:05                      12
================================================================================
[2025-04-15T16:04:37.206+0000] {manager.py:997} INFO - 
================================================================================
DAG File Processing Stats

File Path                      PID    Runtime      # DAGs    # Errors  Last Runtime    Last Run               Last # of DB Queries
-----------------------------  -----  ---------  --------  ----------  --------------  -------------------  ----------------------
/opt/airflow/dags/firstJob.py                           1           0  0.53s           2025-04-15T16:04:37                      12
================================================================================
[2025-04-15T16:05:08.698+0000] {manager.py:997} INFO - 
================================================================================
DAG File Processing Stats

File Path                      PID    Runtime      # DAGs    # Errors  Last Runtime    Last Run               Last # of DB Queries
-----------------------------  -----  ---------  --------  ----------  --------------  -------------------  ----------------------
/opt/airflow/dags/firstJob.py                           1           0  0.31s           2025-04-15T16:05:08                      12
================================================================================
[2025-04-15T16:05:39.636+0000] {manager.py:997} INFO - 
================================================================================
DAG File Processing Stats

File Path                      PID    Runtime      # DAGs    # Errors  Last Runtime    Last Run               Last # of DB Queries
-----------------------------  -----  ---------  --------  ----------  --------------  -------------------  ----------------------
/opt/airflow/dags/firstJob.py                           1           0  0.51s           2025-04-15T16:05:39                      12
================================================================================
[2025-04-15T16:05:56.770+0000] {manager.py:821} INFO - Searching for files in /opt/airflow/dags
[2025-04-15T16:05:56.830+0000] {manager.py:824} INFO - There are 1 files in /opt/airflow/dags
[2025-04-15T16:06:10.974+0000] {manager.py:997} INFO - 
================================================================================
DAG File Processing Stats

File Path                      PID    Runtime      # DAGs    # Errors  Last Runtime    Last Run               Last # of DB Queries
-----------------------------  -----  ---------  --------  ----------  --------------  -------------------  ----------------------
/opt/airflow/dags/firstJob.py                           1           0  0.51s           2025-04-15T16:06:10                      12
================================================================================
[2025-04-15T16:06:42.962+0000] {manager.py:997} INFO - 
================================================================================
DAG File Processing Stats

File Path                      PID    Runtime      # DAGs    # Errors  Last Runtime    Last Run               Last # of DB Queries
-----------------------------  -----  ---------  --------  ----------  --------------  -------------------  ----------------------
/opt/airflow/dags/firstJob.py                           1           0  0.72s           2025-04-15T16:06:42                      12
================================================================================
[2025-04-15T16:07:14.712+0000] {manager.py:997} INFO - 
================================================================================
DAG File Processing Stats

File Path                      PID    Runtime      # DAGs    # Errors  Last Runtime    Last Run               Last # of DB Queries
-----------------------------  -----  ---------  --------  ----------  --------------  -------------------  ----------------------
/opt/airflow/dags/firstJob.py                           1           0  0.62s           2025-04-15T16:07:14                      12
================================================================================
[2025-04-15T16:07:45.492+0000] {manager.py:997} INFO - 
================================================================================
DAG File Processing Stats

File Path                      PID    Runtime      # DAGs    # Errors  Last Runtime    Last Run               Last # of DB Queries
-----------------------------  -----  ---------  --------  ----------  --------------  -------------------  ----------------------
/opt/airflow/dags/firstJob.py                           1           0  0.31s           2025-04-15T16:07:45                      12
================================================================================
[2025-04-15T16:08:16.089+0000] {manager.py:997} INFO - 
================================================================================
DAG File Processing Stats

File Path                      PID    Runtime      # DAGs    # Errors  Last Runtime    Last Run               Last # of DB Queries
-----------------------------  -----  ---------  --------  ----------  --------------  -------------------  ----------------------
/opt/airflow/dags/firstJob.py                           1           0  0.31s           2025-04-15T16:08:16                      12
================================================================================
