[2025-04-16T14:03:13.542+0000] {processor.py:186} INFO - Started process (PID=44) to work on /opt/airflow/dags/firstJob.py
[2025-04-16T14:03:13.548+0000] {processor.py:914} INFO - Processing file /opt/airflow/dags/firstJob.py for tasks to queue
[2025-04-16T14:03:13.569+0000] {logging_mixin.py:190} INFO - [2025-04-16T14:03:13.565+0000] {dagbag.py:588} INFO - Filling up the DagBag from /opt/airflow/dags/firstJob.py
[2025-04-16T14:03:13.991+0000] {processor.py:925} INFO - DAG(s) 'welcome_dag' retrieved from /opt/airflow/dags/firstJob.py
[2025-04-16T14:03:14.631+0000] {logging_mixin.py:190} INFO - [2025-04-16T14:03:14.630+0000] {dag.py:3239} INFO - Sync 1 DAGs
[2025-04-16T14:03:14.745+0000] {logging_mixin.py:190} INFO - [2025-04-16T14:03:14.745+0000] {dag.py:4180} INFO - Setting next_dagrun for welcome_dag to 2025-04-15 23:00:00+00:00, run_after=2025-04-16 23:00:00+00:00
[2025-04-16T14:03:14.840+0000] {processor.py:208} INFO - Processing /opt/airflow/dags/firstJob.py took 1.391 seconds
[2025-04-16T14:03:45.319+0000] {processor.py:186} INFO - Started process (PID=57) to work on /opt/airflow/dags/firstJob.py
[2025-04-16T14:03:45.324+0000] {processor.py:914} INFO - Processing file /opt/airflow/dags/firstJob.py for tasks to queue
[2025-04-16T14:03:45.330+0000] {logging_mixin.py:190} INFO - [2025-04-16T14:03:45.329+0000] {dagbag.py:588} INFO - Filling up the DagBag from /opt/airflow/dags/firstJob.py
[2025-04-16T14:03:45.543+0000] {processor.py:925} INFO - DAG(s) 'welcome_dag' retrieved from /opt/airflow/dags/firstJob.py
[2025-04-16T14:03:45.844+0000] {logging_mixin.py:190} INFO - [2025-04-16T14:03:45.844+0000] {dag.py:3239} INFO - Sync 1 DAGs
[2025-04-16T14:03:46.126+0000] {logging_mixin.py:190} INFO - [2025-04-16T14:03:46.125+0000] {dag.py:4180} INFO - Setting next_dagrun for welcome_dag to 2025-04-15 23:00:00+00:00, run_after=2025-04-16 23:00:00+00:00
[2025-04-16T14:03:46.796+0000] {processor.py:208} INFO - Processing /opt/airflow/dags/firstJob.py took 1.501 seconds
[2025-04-16T14:04:17.699+0000] {processor.py:186} INFO - Started process (PID=62) to work on /opt/airflow/dags/firstJob.py
[2025-04-16T14:04:17.711+0000] {processor.py:914} INFO - Processing file /opt/airflow/dags/firstJob.py for tasks to queue
[2025-04-16T14:04:17.900+0000] {logging_mixin.py:190} INFO - [2025-04-16T14:04:17.865+0000] {dagbag.py:588} INFO - Filling up the DagBag from /opt/airflow/dags/firstJob.py
[2025-04-16T14:04:18.557+0000] {processor.py:925} INFO - DAG(s) 'welcome_dag' retrieved from /opt/airflow/dags/firstJob.py
[2025-04-16T14:04:19.221+0000] {logging_mixin.py:190} INFO - [2025-04-16T14:04:19.220+0000] {dag.py:3239} INFO - Sync 1 DAGs
[2025-04-16T14:04:24.259+0000] {logging_mixin.py:190} INFO - [2025-04-16T14:04:24.258+0000] {dag.py:4180} INFO - Setting next_dagrun for welcome_dag to 2025-04-15 23:00:00+00:00, run_after=2025-04-16 23:00:00+00:00
[2025-04-16T14:04:24.576+0000] {processor.py:208} INFO - Processing /opt/airflow/dags/firstJob.py took 6.909 seconds
[2025-04-16T14:05:20.374+0000] {processor.py:186} INFO - Started process (PID=63) to work on /opt/airflow/dags/firstJob.py
[2025-04-16T14:05:20.472+0000] {processor.py:914} INFO - Processing file /opt/airflow/dags/firstJob.py for tasks to queue
[2025-04-16T14:05:20.714+0000] {logging_mixin.py:190} INFO - [2025-04-16T14:05:20.665+0000] {dagbag.py:588} INFO - Filling up the DagBag from /opt/airflow/dags/firstJob.py
[2025-04-16T14:05:27.076+0000] {processor.py:925} INFO - DAG(s) 'welcome_dag' retrieved from /opt/airflow/dags/firstJob.py
[2025-04-16T14:05:31.345+0000] {logging_mixin.py:190} INFO - [2025-04-16T14:05:31.343+0000] {dag.py:3239} INFO - Sync 1 DAGs
[2025-04-16T14:05:32.839+0000] {logging_mixin.py:190} INFO - [2025-04-16T14:05:32.837+0000] {dag.py:4180} INFO - Setting next_dagrun for welcome_dag to 2025-04-15 23:00:00+00:00, run_after=2025-04-16 23:00:00+00:00
[2025-04-16T14:05:33.399+0000] {processor.py:208} INFO - Processing /opt/airflow/dags/firstJob.py took 15.338 seconds
[2025-04-16T14:06:04.308+0000] {processor.py:186} INFO - Started process (PID=64) to work on /opt/airflow/dags/firstJob.py
[2025-04-16T14:06:04.323+0000] {processor.py:914} INFO - Processing file /opt/airflow/dags/firstJob.py for tasks to queue
[2025-04-16T14:06:04.395+0000] {logging_mixin.py:190} INFO - [2025-04-16T14:06:04.388+0000] {dagbag.py:588} INFO - Filling up the DagBag from /opt/airflow/dags/firstJob.py
[2025-04-16T14:06:04.956+0000] {processor.py:925} INFO - DAG(s) 'welcome_dag' retrieved from /opt/airflow/dags/firstJob.py
[2025-04-16T14:06:05.571+0000] {logging_mixin.py:190} INFO - [2025-04-16T14:06:05.570+0000] {dag.py:3239} INFO - Sync 1 DAGs
[2025-04-16T14:06:05.910+0000] {logging_mixin.py:190} INFO - [2025-04-16T14:06:05.907+0000] {dag.py:4180} INFO - Setting next_dagrun for welcome_dag to 2025-04-15 23:00:00+00:00, run_after=2025-04-16 23:00:00+00:00
[2025-04-16T14:06:06.315+0000] {processor.py:208} INFO - Processing /opt/airflow/dags/firstJob.py took 2.236 seconds
[2025-04-16T14:06:39.774+0000] {processor.py:186} INFO - Started process (PID=65) to work on /opt/airflow/dags/firstJob.py
[2025-04-16T14:06:39.975+0000] {processor.py:914} INFO - Processing file /opt/airflow/dags/firstJob.py for tasks to queue
[2025-04-16T14:06:40.198+0000] {logging_mixin.py:190} INFO - [2025-04-16T14:06:40.168+0000] {dagbag.py:588} INFO - Filling up the DagBag from /opt/airflow/dags/firstJob.py
[2025-04-16T14:06:41.836+0000] {processor.py:925} INFO - DAG(s) 'welcome_dag' retrieved from /opt/airflow/dags/firstJob.py
[2025-04-16T14:06:43.564+0000] {logging_mixin.py:190} INFO - [2025-04-16T14:06:43.559+0000] {dag.py:3239} INFO - Sync 1 DAGs
[2025-04-16T14:06:44.726+0000] {logging_mixin.py:190} INFO - [2025-04-16T14:06:44.724+0000] {dag.py:4180} INFO - Setting next_dagrun for welcome_dag to 2025-04-15 23:00:00+00:00, run_after=2025-04-16 23:00:00+00:00
[2025-04-16T14:06:45.661+0000] {processor.py:208} INFO - Processing /opt/airflow/dags/firstJob.py took 7.210 seconds
[2025-04-16T14:07:16.089+0000] {processor.py:186} INFO - Started process (PID=66) to work on /opt/airflow/dags/firstJob.py
[2025-04-16T14:07:16.102+0000] {processor.py:914} INFO - Processing file /opt/airflow/dags/firstJob.py for tasks to queue
[2025-04-16T14:07:16.231+0000] {logging_mixin.py:190} INFO - [2025-04-16T14:07:16.205+0000] {dagbag.py:588} INFO - Filling up the DagBag from /opt/airflow/dags/firstJob.py
[2025-04-16T14:07:16.706+0000] {processor.py:925} INFO - DAG(s) 'welcome_dag' retrieved from /opt/airflow/dags/firstJob.py
[2025-04-16T14:07:17.547+0000] {logging_mixin.py:190} INFO - [2025-04-16T14:07:17.546+0000] {dag.py:3239} INFO - Sync 1 DAGs
[2025-04-16T14:07:17.864+0000] {logging_mixin.py:190} INFO - [2025-04-16T14:07:17.861+0000] {dag.py:4180} INFO - Setting next_dagrun for welcome_dag to 2025-04-15 23:00:00+00:00, run_after=2025-04-16 23:00:00+00:00
[2025-04-16T14:07:18.142+0000] {processor.py:208} INFO - Processing /opt/airflow/dags/firstJob.py took 2.134 seconds
[2025-04-16T14:07:48.568+0000] {processor.py:186} INFO - Started process (PID=67) to work on /opt/airflow/dags/firstJob.py
[2025-04-16T14:07:48.574+0000] {processor.py:914} INFO - Processing file /opt/airflow/dags/firstJob.py for tasks to queue
[2025-04-16T14:07:48.590+0000] {logging_mixin.py:190} INFO - [2025-04-16T14:07:48.587+0000] {dagbag.py:588} INFO - Filling up the DagBag from /opt/airflow/dags/firstJob.py
[2025-04-16T14:07:48.838+0000] {processor.py:925} INFO - DAG(s) 'welcome_dag' retrieved from /opt/airflow/dags/firstJob.py
[2025-04-16T14:07:49.226+0000] {logging_mixin.py:190} INFO - [2025-04-16T14:07:49.225+0000] {dag.py:3239} INFO - Sync 1 DAGs
[2025-04-16T14:07:49.419+0000] {logging_mixin.py:190} INFO - [2025-04-16T14:07:49.418+0000] {dag.py:4180} INFO - Setting next_dagrun for welcome_dag to 2025-04-15 23:00:00+00:00, run_after=2025-04-16 23:00:00+00:00
[2025-04-16T14:07:49.555+0000] {processor.py:208} INFO - Processing /opt/airflow/dags/firstJob.py took 1.032 seconds
[2025-04-16T14:08:20.260+0000] {processor.py:186} INFO - Started process (PID=68) to work on /opt/airflow/dags/firstJob.py
[2025-04-16T14:08:20.263+0000] {processor.py:914} INFO - Processing file /opt/airflow/dags/firstJob.py for tasks to queue
[2025-04-16T14:08:20.268+0000] {logging_mixin.py:190} INFO - [2025-04-16T14:08:20.267+0000] {dagbag.py:588} INFO - Filling up the DagBag from /opt/airflow/dags/firstJob.py
[2025-04-16T14:08:20.326+0000] {processor.py:925} INFO - DAG(s) 'welcome_dag' retrieved from /opt/airflow/dags/firstJob.py
[2025-04-16T14:08:20.402+0000] {logging_mixin.py:190} INFO - [2025-04-16T14:08:20.402+0000] {dag.py:3239} INFO - Sync 1 DAGs
[2025-04-16T14:08:20.513+0000] {logging_mixin.py:190} INFO - [2025-04-16T14:08:20.512+0000] {dag.py:4180} INFO - Setting next_dagrun for welcome_dag to 2025-04-15 23:00:00+00:00, run_after=2025-04-16 23:00:00+00:00
[2025-04-16T14:08:20.678+0000] {processor.py:208} INFO - Processing /opt/airflow/dags/firstJob.py took 0.427 seconds
[2025-04-16T14:08:51.080+0000] {processor.py:186} INFO - Started process (PID=69) to work on /opt/airflow/dags/firstJob.py
[2025-04-16T14:08:51.083+0000] {processor.py:914} INFO - Processing file /opt/airflow/dags/firstJob.py for tasks to queue
[2025-04-16T14:08:51.089+0000] {logging_mixin.py:190} INFO - [2025-04-16T14:08:51.088+0000] {dagbag.py:588} INFO - Filling up the DagBag from /opt/airflow/dags/firstJob.py
[2025-04-16T14:08:51.163+0000] {processor.py:925} INFO - DAG(s) 'welcome_dag' retrieved from /opt/airflow/dags/firstJob.py
[2025-04-16T14:08:51.225+0000] {logging_mixin.py:190} INFO - [2025-04-16T14:08:51.224+0000] {dag.py:3239} INFO - Sync 1 DAGs
[2025-04-16T14:08:51.280+0000] {logging_mixin.py:190} INFO - [2025-04-16T14:08:51.279+0000] {dag.py:4180} INFO - Setting next_dagrun for welcome_dag to 2025-04-15 23:00:00+00:00, run_after=2025-04-16 23:00:00+00:00
[2025-04-16T14:08:51.397+0000] {processor.py:208} INFO - Processing /opt/airflow/dags/firstJob.py took 0.326 seconds
[2025-04-16T14:09:23.844+0000] {processor.py:186} INFO - Started process (PID=70) to work on /opt/airflow/dags/firstJob.py
[2025-04-16T14:09:23.848+0000] {processor.py:914} INFO - Processing file /opt/airflow/dags/firstJob.py for tasks to queue
[2025-04-16T14:09:23.864+0000] {logging_mixin.py:190} INFO - [2025-04-16T14:09:23.862+0000] {dagbag.py:588} INFO - Filling up the DagBag from /opt/airflow/dags/firstJob.py
[2025-04-16T14:09:24.098+0000] {processor.py:925} INFO - DAG(s) 'welcome_dag' retrieved from /opt/airflow/dags/firstJob.py
[2025-04-16T14:09:24.293+0000] {logging_mixin.py:190} INFO - [2025-04-16T14:09:24.291+0000] {dag.py:3239} INFO - Sync 1 DAGs
[2025-04-16T14:09:24.611+0000] {logging_mixin.py:190} INFO - [2025-04-16T14:09:24.609+0000] {dag.py:4180} INFO - Setting next_dagrun for welcome_dag to 2025-04-15 23:00:00+00:00, run_after=2025-04-16 23:00:00+00:00
[2025-04-16T14:09:25.112+0000] {processor.py:208} INFO - Processing /opt/airflow/dags/firstJob.py took 1.305 seconds
[2025-04-16T14:09:56.371+0000] {processor.py:186} INFO - Started process (PID=71) to work on /opt/airflow/dags/firstJob.py
[2025-04-16T14:09:56.373+0000] {processor.py:914} INFO - Processing file /opt/airflow/dags/firstJob.py for tasks to queue
[2025-04-16T14:09:56.378+0000] {logging_mixin.py:190} INFO - [2025-04-16T14:09:56.377+0000] {dagbag.py:588} INFO - Filling up the DagBag from /opt/airflow/dags/firstJob.py
[2025-04-16T14:09:56.426+0000] {processor.py:925} INFO - DAG(s) 'welcome_dag' retrieved from /opt/airflow/dags/firstJob.py
[2025-04-16T14:09:57.029+0000] {logging_mixin.py:190} INFO - [2025-04-16T14:09:57.029+0000] {dag.py:3239} INFO - Sync 1 DAGs
[2025-04-16T14:09:57.466+0000] {logging_mixin.py:190} INFO - [2025-04-16T14:09:57.409+0000] {dag.py:4180} INFO - Setting next_dagrun for welcome_dag to 2025-04-15 23:00:00+00:00, run_after=2025-04-16 23:00:00+00:00
[2025-04-16T14:09:58.408+0000] {processor.py:208} INFO - Processing /opt/airflow/dags/firstJob.py took 2.049 seconds
[2025-04-16T14:10:29.360+0000] {processor.py:186} INFO - Started process (PID=72) to work on /opt/airflow/dags/firstJob.py
[2025-04-16T14:10:29.381+0000] {processor.py:914} INFO - Processing file /opt/airflow/dags/firstJob.py for tasks to queue
[2025-04-16T14:10:29.488+0000] {logging_mixin.py:190} INFO - [2025-04-16T14:10:29.456+0000] {dagbag.py:588} INFO - Filling up the DagBag from /opt/airflow/dags/firstJob.py
[2025-04-16T14:10:30.125+0000] {processor.py:925} INFO - DAG(s) 'welcome_dag' retrieved from /opt/airflow/dags/firstJob.py
[2025-04-16T14:10:30.993+0000] {logging_mixin.py:190} INFO - [2025-04-16T14:10:30.992+0000] {dag.py:3239} INFO - Sync 1 DAGs
[2025-04-16T14:10:31.499+0000] {logging_mixin.py:190} INFO - [2025-04-16T14:10:31.497+0000] {dag.py:4180} INFO - Setting next_dagrun for welcome_dag to 2025-04-15 23:00:00+00:00, run_after=2025-04-16 23:00:00+00:00
[2025-04-16T14:10:31.971+0000] {processor.py:208} INFO - Processing /opt/airflow/dags/firstJob.py took 2.696 seconds
[2025-04-16T14:11:02.836+0000] {processor.py:186} INFO - Started process (PID=73) to work on /opt/airflow/dags/firstJob.py
[2025-04-16T14:11:02.843+0000] {processor.py:914} INFO - Processing file /opt/airflow/dags/firstJob.py for tasks to queue
[2025-04-16T14:11:02.872+0000] {logging_mixin.py:190} INFO - [2025-04-16T14:11:02.866+0000] {dagbag.py:588} INFO - Filling up the DagBag from /opt/airflow/dags/firstJob.py
[2025-04-16T14:11:03.004+0000] {processor.py:925} INFO - DAG(s) 'welcome_dag' retrieved from /opt/airflow/dags/firstJob.py
[2025-04-16T14:11:03.205+0000] {logging_mixin.py:190} INFO - [2025-04-16T14:11:03.205+0000] {dag.py:3239} INFO - Sync 1 DAGs
[2025-04-16T14:11:03.424+0000] {logging_mixin.py:190} INFO - [2025-04-16T14:11:03.423+0000] {dag.py:4180} INFO - Setting next_dagrun for welcome_dag to 2025-04-15 23:00:00+00:00, run_after=2025-04-16 23:00:00+00:00
[2025-04-16T14:11:03.592+0000] {processor.py:208} INFO - Processing /opt/airflow/dags/firstJob.py took 0.828 seconds
[2025-04-16T14:11:36.179+0000] {processor.py:186} INFO - Started process (PID=74) to work on /opt/airflow/dags/firstJob.py
[2025-04-16T14:11:36.212+0000] {processor.py:914} INFO - Processing file /opt/airflow/dags/firstJob.py for tasks to queue
[2025-04-16T14:11:36.398+0000] {logging_mixin.py:190} INFO - [2025-04-16T14:11:36.386+0000] {dagbag.py:588} INFO - Filling up the DagBag from /opt/airflow/dags/firstJob.py
[2025-04-16T14:11:37.135+0000] {processor.py:925} INFO - DAG(s) 'welcome_dag' retrieved from /opt/airflow/dags/firstJob.py
[2025-04-16T14:11:37.429+0000] {logging_mixin.py:190} INFO - [2025-04-16T14:11:37.429+0000] {dag.py:3239} INFO - Sync 1 DAGs
[2025-04-16T14:11:37.629+0000] {logging_mixin.py:190} INFO - [2025-04-16T14:11:37.628+0000] {dag.py:4180} INFO - Setting next_dagrun for welcome_dag to 2025-04-15 23:00:00+00:00, run_after=2025-04-16 23:00:00+00:00
[2025-04-16T14:11:37.797+0000] {processor.py:208} INFO - Processing /opt/airflow/dags/firstJob.py took 3.760 seconds
[2025-04-16T14:12:09.817+0000] {processor.py:186} INFO - Started process (PID=75) to work on /opt/airflow/dags/firstJob.py
[2025-04-16T14:12:09.919+0000] {processor.py:914} INFO - Processing file /opt/airflow/dags/firstJob.py for tasks to queue
[2025-04-16T14:12:10.114+0000] {logging_mixin.py:190} INFO - [2025-04-16T14:12:10.090+0000] {dagbag.py:588} INFO - Filling up the DagBag from /opt/airflow/dags/firstJob.py
[2025-04-16T14:12:11.181+0000] {processor.py:925} INFO - DAG(s) 'welcome_dag' retrieved from /opt/airflow/dags/firstJob.py
[2025-04-16T14:12:12.702+0000] {logging_mixin.py:190} INFO - [2025-04-16T14:12:12.701+0000] {dag.py:3239} INFO - Sync 1 DAGs
[2025-04-16T14:12:13.664+0000] {logging_mixin.py:190} INFO - [2025-04-16T14:12:13.663+0000] {dag.py:4180} INFO - Setting next_dagrun for welcome_dag to 2025-04-15 23:00:00+00:00, run_after=2025-04-16 23:00:00+00:00
[2025-04-16T14:12:13.926+0000] {processor.py:208} INFO - Processing /opt/airflow/dags/firstJob.py took 4.722 seconds
[2025-04-16T14:12:46.312+0000] {processor.py:186} INFO - Started process (PID=76) to work on /opt/airflow/dags/firstJob.py
[2025-04-16T14:12:46.364+0000] {processor.py:914} INFO - Processing file /opt/airflow/dags/firstJob.py for tasks to queue
[2025-04-16T14:12:46.444+0000] {logging_mixin.py:190} INFO - [2025-04-16T14:12:46.437+0000] {dagbag.py:588} INFO - Filling up the DagBag from /opt/airflow/dags/firstJob.py
[2025-04-16T14:12:46.724+0000] {processor.py:925} INFO - DAG(s) 'welcome_dag' retrieved from /opt/airflow/dags/firstJob.py
[2025-04-16T14:12:47.719+0000] {logging_mixin.py:190} INFO - [2025-04-16T14:12:47.718+0000] {dag.py:3239} INFO - Sync 1 DAGs
[2025-04-16T14:12:48.704+0000] {logging_mixin.py:190} INFO - [2025-04-16T14:12:48.693+0000] {dag.py:4180} INFO - Setting next_dagrun for welcome_dag to 2025-04-15 23:00:00+00:00, run_after=2025-04-16 23:00:00+00:00
[2025-04-16T14:12:49.739+0000] {processor.py:208} INFO - Processing /opt/airflow/dags/firstJob.py took 3.609 seconds
[2025-04-16T14:13:20.604+0000] {processor.py:186} INFO - Started process (PID=77) to work on /opt/airflow/dags/firstJob.py
[2025-04-16T14:13:20.607+0000] {processor.py:914} INFO - Processing file /opt/airflow/dags/firstJob.py for tasks to queue
[2025-04-16T14:13:20.613+0000] {logging_mixin.py:190} INFO - [2025-04-16T14:13:20.612+0000] {dagbag.py:588} INFO - Filling up the DagBag from /opt/airflow/dags/firstJob.py
[2025-04-16T14:13:20.695+0000] {processor.py:925} INFO - DAG(s) 'welcome_dag' retrieved from /opt/airflow/dags/firstJob.py
[2025-04-16T14:13:20.908+0000] {logging_mixin.py:190} INFO - [2025-04-16T14:13:20.907+0000] {dag.py:3239} INFO - Sync 1 DAGs
[2025-04-16T14:13:21.008+0000] {logging_mixin.py:190} INFO - [2025-04-16T14:13:21.007+0000] {dag.py:4180} INFO - Setting next_dagrun for welcome_dag to 2025-04-15 23:00:00+00:00, run_after=2025-04-16 23:00:00+00:00
[2025-04-16T14:13:21.137+0000] {processor.py:208} INFO - Processing /opt/airflow/dags/firstJob.py took 0.557 seconds
[2025-04-16T14:13:51.641+0000] {processor.py:186} INFO - Started process (PID=78) to work on /opt/airflow/dags/firstJob.py
[2025-04-16T14:13:51.644+0000] {processor.py:914} INFO - Processing file /opt/airflow/dags/firstJob.py for tasks to queue
[2025-04-16T14:13:51.649+0000] {logging_mixin.py:190} INFO - [2025-04-16T14:13:51.648+0000] {dagbag.py:588} INFO - Filling up the DagBag from /opt/airflow/dags/firstJob.py
[2025-04-16T14:13:51.715+0000] {processor.py:925} INFO - DAG(s) 'welcome_dag' retrieved from /opt/airflow/dags/firstJob.py
[2025-04-16T14:13:51.915+0000] {logging_mixin.py:190} INFO - [2025-04-16T14:13:51.914+0000] {dag.py:3239} INFO - Sync 1 DAGs
[2025-04-16T14:13:52.278+0000] {logging_mixin.py:190} INFO - [2025-04-16T14:13:52.278+0000] {dag.py:4180} INFO - Setting next_dagrun for welcome_dag to 2025-04-15 23:00:00+00:00, run_after=2025-04-16 23:00:00+00:00
[2025-04-16T14:13:52.581+0000] {processor.py:208} INFO - Processing /opt/airflow/dags/firstJob.py took 0.951 seconds
[2025-04-16T14:14:22.886+0000] {processor.py:186} INFO - Started process (PID=79) to work on /opt/airflow/dags/firstJob.py
[2025-04-16T14:14:22.890+0000] {processor.py:914} INFO - Processing file /opt/airflow/dags/firstJob.py for tasks to queue
[2025-04-16T14:14:22.900+0000] {logging_mixin.py:190} INFO - [2025-04-16T14:14:22.898+0000] {dagbag.py:588} INFO - Filling up the DagBag from /opt/airflow/dags/firstJob.py
[2025-04-16T14:14:22.979+0000] {processor.py:925} INFO - DAG(s) 'welcome_dag' retrieved from /opt/airflow/dags/firstJob.py
[2025-04-16T14:14:23.061+0000] {logging_mixin.py:190} INFO - [2025-04-16T14:14:23.060+0000] {dag.py:3239} INFO - Sync 1 DAGs
[2025-04-16T14:14:23.210+0000] {logging_mixin.py:190} INFO - [2025-04-16T14:14:23.210+0000] {dag.py:4180} INFO - Setting next_dagrun for welcome_dag to 2025-04-15 23:00:00+00:00, run_after=2025-04-16 23:00:00+00:00
[2025-04-16T14:14:23.373+0000] {processor.py:208} INFO - Processing /opt/airflow/dags/firstJob.py took 0.505 seconds
[2025-04-16T14:14:53.745+0000] {processor.py:186} INFO - Started process (PID=80) to work on /opt/airflow/dags/firstJob.py
[2025-04-16T14:14:53.748+0000] {processor.py:914} INFO - Processing file /opt/airflow/dags/firstJob.py for tasks to queue
[2025-04-16T14:14:53.755+0000] {logging_mixin.py:190} INFO - [2025-04-16T14:14:53.754+0000] {dagbag.py:588} INFO - Filling up the DagBag from /opt/airflow/dags/firstJob.py
[2025-04-16T14:14:53.809+0000] {processor.py:925} INFO - DAG(s) 'welcome_dag' retrieved from /opt/airflow/dags/firstJob.py
[2025-04-16T14:14:53.874+0000] {logging_mixin.py:190} INFO - [2025-04-16T14:14:53.873+0000] {dag.py:3239} INFO - Sync 1 DAGs
[2025-04-16T14:14:53.930+0000] {logging_mixin.py:190} INFO - [2025-04-16T14:14:53.930+0000] {dag.py:4180} INFO - Setting next_dagrun for welcome_dag to 2025-04-15 23:00:00+00:00, run_after=2025-04-16 23:00:00+00:00
[2025-04-16T14:14:54.041+0000] {processor.py:208} INFO - Processing /opt/airflow/dags/firstJob.py took 0.314 seconds
[2025-04-16T14:15:24.700+0000] {processor.py:186} INFO - Started process (PID=81) to work on /opt/airflow/dags/firstJob.py
[2025-04-16T14:15:24.706+0000] {processor.py:914} INFO - Processing file /opt/airflow/dags/firstJob.py for tasks to queue
[2025-04-16T14:15:24.721+0000] {logging_mixin.py:190} INFO - [2025-04-16T14:15:24.712+0000] {dagbag.py:588} INFO - Filling up the DagBag from /opt/airflow/dags/firstJob.py
[2025-04-16T14:15:24.843+0000] {processor.py:925} INFO - DAG(s) 'welcome_dag' retrieved from /opt/airflow/dags/firstJob.py
[2025-04-16T14:15:25.002+0000] {logging_mixin.py:190} INFO - [2025-04-16T14:15:25.001+0000] {dag.py:3239} INFO - Sync 1 DAGs
[2025-04-16T14:15:25.097+0000] {logging_mixin.py:190} INFO - [2025-04-16T14:15:25.097+0000] {dag.py:4180} INFO - Setting next_dagrun for welcome_dag to 2025-04-15 23:00:00+00:00, run_after=2025-04-16 23:00:00+00:00
[2025-04-16T14:15:25.382+0000] {processor.py:208} INFO - Processing /opt/airflow/dags/firstJob.py took 0.706 seconds
[2025-04-16T14:15:55.632+0000] {processor.py:186} INFO - Started process (PID=82) to work on /opt/airflow/dags/firstJob.py
[2025-04-16T14:15:55.634+0000] {processor.py:914} INFO - Processing file /opt/airflow/dags/firstJob.py for tasks to queue
[2025-04-16T14:15:55.639+0000] {logging_mixin.py:190} INFO - [2025-04-16T14:15:55.638+0000] {dagbag.py:588} INFO - Filling up the DagBag from /opt/airflow/dags/firstJob.py
[2025-04-16T14:15:55.697+0000] {processor.py:925} INFO - DAG(s) 'welcome_dag' retrieved from /opt/airflow/dags/firstJob.py
[2025-04-16T14:15:55.753+0000] {logging_mixin.py:190} INFO - [2025-04-16T14:15:55.752+0000] {dag.py:3239} INFO - Sync 1 DAGs
[2025-04-16T14:15:55.809+0000] {logging_mixin.py:190} INFO - [2025-04-16T14:15:55.808+0000] {dag.py:4180} INFO - Setting next_dagrun for welcome_dag to 2025-04-15 23:00:00+00:00, run_after=2025-04-16 23:00:00+00:00
[2025-04-16T14:15:55.899+0000] {processor.py:208} INFO - Processing /opt/airflow/dags/firstJob.py took 0.277 seconds
[2025-04-16T14:16:26.830+0000] {processor.py:186} INFO - Started process (PID=83) to work on /opt/airflow/dags/firstJob.py
[2025-04-16T14:16:26.832+0000] {processor.py:914} INFO - Processing file /opt/airflow/dags/firstJob.py for tasks to queue
[2025-04-16T14:16:26.838+0000] {logging_mixin.py:190} INFO - [2025-04-16T14:16:26.837+0000] {dagbag.py:588} INFO - Filling up the DagBag from /opt/airflow/dags/firstJob.py
[2025-04-16T14:16:26.887+0000] {processor.py:925} INFO - DAG(s) 'welcome_dag' retrieved from /opt/airflow/dags/firstJob.py
[2025-04-16T14:16:26.943+0000] {logging_mixin.py:190} INFO - [2025-04-16T14:16:26.942+0000] {dag.py:3239} INFO - Sync 1 DAGs
[2025-04-16T14:16:27.145+0000] {logging_mixin.py:190} INFO - [2025-04-16T14:16:27.143+0000] {dag.py:4180} INFO - Setting next_dagrun for welcome_dag to 2025-04-15 23:00:00+00:00, run_after=2025-04-16 23:00:00+00:00
[2025-04-16T14:16:27.385+0000] {processor.py:208} INFO - Processing /opt/airflow/dags/firstJob.py took 0.568 seconds
[2025-04-16T14:16:57.676+0000] {processor.py:186} INFO - Started process (PID=84) to work on /opt/airflow/dags/firstJob.py
[2025-04-16T14:16:57.678+0000] {processor.py:914} INFO - Processing file /opt/airflow/dags/firstJob.py for tasks to queue
[2025-04-16T14:16:57.686+0000] {logging_mixin.py:190} INFO - [2025-04-16T14:16:57.685+0000] {dagbag.py:588} INFO - Filling up the DagBag from /opt/airflow/dags/firstJob.py
[2025-04-16T14:16:57.743+0000] {processor.py:925} INFO - DAG(s) 'welcome_dag' retrieved from /opt/airflow/dags/firstJob.py
[2025-04-16T14:16:57.888+0000] {logging_mixin.py:190} INFO - [2025-04-16T14:16:57.888+0000] {dag.py:3239} INFO - Sync 1 DAGs
[2025-04-16T14:16:57.935+0000] {logging_mixin.py:190} INFO - [2025-04-16T14:16:57.934+0000] {dag.py:4180} INFO - Setting next_dagrun for welcome_dag to 2025-04-15 23:00:00+00:00, run_after=2025-04-16 23:00:00+00:00
[2025-04-16T14:16:58.040+0000] {processor.py:208} INFO - Processing /opt/airflow/dags/firstJob.py took 0.376 seconds
[2025-04-16T14:17:28.472+0000] {processor.py:186} INFO - Started process (PID=85) to work on /opt/airflow/dags/firstJob.py
[2025-04-16T14:17:28.479+0000] {processor.py:914} INFO - Processing file /opt/airflow/dags/firstJob.py for tasks to queue
[2025-04-16T14:17:28.499+0000] {logging_mixin.py:190} INFO - [2025-04-16T14:17:28.497+0000] {dagbag.py:588} INFO - Filling up the DagBag from /opt/airflow/dags/firstJob.py
[2025-04-16T14:17:29.575+0000] {processor.py:925} INFO - DAG(s) 'welcome_dag' retrieved from /opt/airflow/dags/firstJob.py
[2025-04-16T14:17:29.712+0000] {logging_mixin.py:190} INFO - [2025-04-16T14:17:29.711+0000] {dag.py:3239} INFO - Sync 1 DAGs
[2025-04-16T14:17:29.863+0000] {logging_mixin.py:190} INFO - [2025-04-16T14:17:29.861+0000] {dag.py:4180} INFO - Setting next_dagrun for welcome_dag to 2025-04-15 23:00:00+00:00, run_after=2025-04-16 23:00:00+00:00
[2025-04-16T14:17:30.849+0000] {processor.py:208} INFO - Processing /opt/airflow/dags/firstJob.py took 2.414 seconds
[2025-04-16T14:18:01.629+0000] {processor.py:186} INFO - Started process (PID=86) to work on /opt/airflow/dags/firstJob.py
[2025-04-16T14:18:01.632+0000] {processor.py:914} INFO - Processing file /opt/airflow/dags/firstJob.py for tasks to queue
[2025-04-16T14:18:01.637+0000] {logging_mixin.py:190} INFO - [2025-04-16T14:18:01.636+0000] {dagbag.py:588} INFO - Filling up the DagBag from /opt/airflow/dags/firstJob.py
[2025-04-16T14:18:01.710+0000] {processor.py:925} INFO - DAG(s) 'welcome_dag' retrieved from /opt/airflow/dags/firstJob.py
[2025-04-16T14:18:01.780+0000] {logging_mixin.py:190} INFO - [2025-04-16T14:18:01.780+0000] {dag.py:3239} INFO - Sync 1 DAGs
[2025-04-16T14:18:01.835+0000] {logging_mixin.py:190} INFO - [2025-04-16T14:18:01.834+0000] {dag.py:4180} INFO - Setting next_dagrun for welcome_dag to 2025-04-15 23:00:00+00:00, run_after=2025-04-16 23:00:00+00:00
[2025-04-16T14:18:01.959+0000] {processor.py:208} INFO - Processing /opt/airflow/dags/firstJob.py took 0.341 seconds
[2025-04-16T14:18:12.955+0000] {processor.py:186} INFO - Started process (PID=87) to work on /opt/airflow/dags/firstJob.py
[2025-04-16T14:18:12.958+0000] {processor.py:914} INFO - Processing file /opt/airflow/dags/firstJob.py for tasks to queue
[2025-04-16T14:18:12.966+0000] {logging_mixin.py:190} INFO - [2025-04-16T14:18:12.965+0000] {dagbag.py:588} INFO - Filling up the DagBag from /opt/airflow/dags/firstJob.py
[2025-04-16T14:18:13.051+0000] {processor.py:925} INFO - DAG(s) 'welcome_dag' retrieved from /opt/airflow/dags/firstJob.py
[2025-04-16T14:18:13.112+0000] {logging_mixin.py:190} INFO - [2025-04-16T14:18:13.112+0000] {dag.py:3239} INFO - Sync 1 DAGs
[2025-04-16T14:18:13.164+0000] {logging_mixin.py:190} INFO - [2025-04-16T14:18:13.164+0000] {dag.py:4180} INFO - Setting next_dagrun for welcome_dag to 2025-04-15 23:00:00+00:00, run_after=2025-04-16 23:00:00+00:00
[2025-04-16T14:18:13.284+0000] {processor.py:208} INFO - Processing /opt/airflow/dags/firstJob.py took 0.340 seconds
[2025-04-16T14:18:43.922+0000] {processor.py:186} INFO - Started process (PID=88) to work on /opt/airflow/dags/firstJob.py
[2025-04-16T14:18:43.923+0000] {processor.py:914} INFO - Processing file /opt/airflow/dags/firstJob.py for tasks to queue
[2025-04-16T14:18:43.927+0000] {logging_mixin.py:190} INFO - [2025-04-16T14:18:43.927+0000] {dagbag.py:588} INFO - Filling up the DagBag from /opt/airflow/dags/firstJob.py
[2025-04-16T14:18:43.969+0000] {processor.py:925} INFO - DAG(s) 'welcome_dag' retrieved from /opt/airflow/dags/firstJob.py
[2025-04-16T14:18:44.022+0000] {logging_mixin.py:190} INFO - [2025-04-16T14:18:44.022+0000] {dag.py:3239} INFO - Sync 1 DAGs
[2025-04-16T14:18:44.085+0000] {logging_mixin.py:190} INFO - [2025-04-16T14:18:44.084+0000] {dag.py:4180} INFO - Setting next_dagrun for welcome_dag to 2025-04-15 23:00:00+00:00, run_after=2025-04-16 23:00:00+00:00
[2025-04-16T14:18:44.175+0000] {processor.py:208} INFO - Processing /opt/airflow/dags/firstJob.py took 0.267 seconds
[2025-04-16T14:19:14.498+0000] {processor.py:186} INFO - Started process (PID=89) to work on /opt/airflow/dags/firstJob.py
[2025-04-16T14:19:14.501+0000] {processor.py:914} INFO - Processing file /opt/airflow/dags/firstJob.py for tasks to queue
[2025-04-16T14:19:14.505+0000] {logging_mixin.py:190} INFO - [2025-04-16T14:19:14.504+0000] {dagbag.py:588} INFO - Filling up the DagBag from /opt/airflow/dags/firstJob.py
[2025-04-16T14:19:14.569+0000] {processor.py:925} INFO - DAG(s) 'welcome_dag' retrieved from /opt/airflow/dags/firstJob.py
[2025-04-16T14:19:14.667+0000] {logging_mixin.py:190} INFO - [2025-04-16T14:19:14.667+0000] {dag.py:3239} INFO - Sync 1 DAGs
[2025-04-16T14:19:14.742+0000] {logging_mixin.py:190} INFO - [2025-04-16T14:19:14.742+0000] {dag.py:4180} INFO - Setting next_dagrun for welcome_dag to 2025-04-15 23:00:00+00:00, run_after=2025-04-16 23:00:00+00:00
[2025-04-16T14:19:14.884+0000] {processor.py:208} INFO - Processing /opt/airflow/dags/firstJob.py took 0.400 seconds
[2025-04-16T14:19:47.653+0000] {processor.py:186} INFO - Started process (PID=90) to work on /opt/airflow/dags/firstJob.py
[2025-04-16T14:19:47.671+0000] {processor.py:914} INFO - Processing file /opt/airflow/dags/firstJob.py for tasks to queue
[2025-04-16T14:19:47.756+0000] {logging_mixin.py:190} INFO - [2025-04-16T14:19:47.750+0000] {dagbag.py:588} INFO - Filling up the DagBag from /opt/airflow/dags/firstJob.py
[2025-04-16T14:19:48.103+0000] {processor.py:925} INFO - DAG(s) 'welcome_dag' retrieved from /opt/airflow/dags/firstJob.py
[2025-04-16T14:19:48.372+0000] {logging_mixin.py:190} INFO - [2025-04-16T14:19:48.372+0000] {dag.py:3239} INFO - Sync 1 DAGs
[2025-04-16T14:19:48.728+0000] {logging_mixin.py:190} INFO - [2025-04-16T14:19:48.727+0000] {dag.py:4180} INFO - Setting next_dagrun for welcome_dag to 2025-04-15 23:00:00+00:00, run_after=2025-04-16 23:00:00+00:00
[2025-04-16T14:19:48.874+0000] {processor.py:208} INFO - Processing /opt/airflow/dags/firstJob.py took 1.451 seconds
[2025-04-16T14:20:19.993+0000] {processor.py:186} INFO - Started process (PID=91) to work on /opt/airflow/dags/firstJob.py
[2025-04-16T14:20:19.995+0000] {processor.py:914} INFO - Processing file /opt/airflow/dags/firstJob.py for tasks to queue
[2025-04-16T14:20:20.001+0000] {logging_mixin.py:190} INFO - [2025-04-16T14:20:20.001+0000] {dagbag.py:588} INFO - Filling up the DagBag from /opt/airflow/dags/firstJob.py
[2025-04-16T14:20:22.063+0000] {processor.py:925} INFO - DAG(s) 'welcome_dag' retrieved from /opt/airflow/dags/firstJob.py
[2025-04-16T14:20:22.306+0000] {logging_mixin.py:190} INFO - [2025-04-16T14:20:22.305+0000] {dag.py:3239} INFO - Sync 1 DAGs
[2025-04-16T14:20:22.723+0000] {logging_mixin.py:190} INFO - [2025-04-16T14:20:22.722+0000] {dag.py:4180} INFO - Setting next_dagrun for welcome_dag to 2025-04-15 23:00:00+00:00, run_after=2025-04-16 23:00:00+00:00
[2025-04-16T14:20:22.991+0000] {processor.py:208} INFO - Processing /opt/airflow/dags/firstJob.py took 3.012 seconds
[2025-04-16T14:20:53.783+0000] {processor.py:186} INFO - Started process (PID=92) to work on /opt/airflow/dags/firstJob.py
[2025-04-16T14:20:53.784+0000] {processor.py:914} INFO - Processing file /opt/airflow/dags/firstJob.py for tasks to queue
[2025-04-16T14:20:53.792+0000] {logging_mixin.py:190} INFO - [2025-04-16T14:20:53.789+0000] {dagbag.py:588} INFO - Filling up the DagBag from /opt/airflow/dags/firstJob.py
[2025-04-16T14:20:53.895+0000] {processor.py:925} INFO - DAG(s) 'welcome_dag' retrieved from /opt/airflow/dags/firstJob.py
[2025-04-16T14:20:53.991+0000] {logging_mixin.py:190} INFO - [2025-04-16T14:20:53.991+0000] {dag.py:3239} INFO - Sync 1 DAGs
[2025-04-16T14:20:54.086+0000] {logging_mixin.py:190} INFO - [2025-04-16T14:20:54.086+0000] {dag.py:4180} INFO - Setting next_dagrun for welcome_dag to 2025-04-15 23:00:00+00:00, run_after=2025-04-16 23:00:00+00:00
[2025-04-16T14:20:54.230+0000] {processor.py:208} INFO - Processing /opt/airflow/dags/firstJob.py took 0.457 seconds
[2025-04-16T14:21:24.819+0000] {processor.py:186} INFO - Started process (PID=93) to work on /opt/airflow/dags/firstJob.py
[2025-04-16T14:21:24.824+0000] {processor.py:914} INFO - Processing file /opt/airflow/dags/firstJob.py for tasks to queue
[2025-04-16T14:21:24.842+0000] {logging_mixin.py:190} INFO - [2025-04-16T14:21:24.840+0000] {dagbag.py:588} INFO - Filling up the DagBag from /opt/airflow/dags/firstJob.py
[2025-04-16T14:21:24.890+0000] {processor.py:925} INFO - DAG(s) 'welcome_dag' retrieved from /opt/airflow/dags/firstJob.py
[2025-04-16T14:21:24.989+0000] {logging_mixin.py:190} INFO - [2025-04-16T14:21:24.989+0000] {dag.py:3239} INFO - Sync 1 DAGs
[2025-04-16T14:21:25.102+0000] {logging_mixin.py:190} INFO - [2025-04-16T14:21:25.102+0000] {dag.py:4180} INFO - Setting next_dagrun for welcome_dag to 2025-04-15 23:00:00+00:00, run_after=2025-04-16 23:00:00+00:00
[2025-04-16T14:21:25.251+0000] {processor.py:208} INFO - Processing /opt/airflow/dags/firstJob.py took 0.475 seconds
