[2025-04-13T09:41:28.303+0000] {local_task_job_runner.py:123} INFO - ::group::Pre task execution logs
[2025-04-13T09:41:28.394+0000] {taskinstance.py:2614} INFO - Dependencies all met for dep_context=non-requeueable deps ti=<TaskInstance: welcome_dag.print_welcome manual__2025-04-13T09:40:49.193086+00:00 [queued]>
[2025-04-13T09:41:28.480+0000] {taskinstance.py:2614} INFO - Dependencies all met for dep_context=requeueable deps ti=<TaskInstance: welcome_dag.print_welcome manual__2025-04-13T09:40:49.193086+00:00 [queued]>
[2025-04-13T09:41:28.497+0000] {taskinstance.py:2867} INFO - Starting attempt 1 of 1
[2025-04-13T09:41:28.727+0000] {taskinstance.py:2890} INFO - Executing <Task(PythonOperator): print_welcome> on 2025-04-13 09:40:49.193086+00:00
[2025-04-13T09:41:28.803+0000] {standard_task_runner.py:72} INFO - Started process 69 to run task
[2025-04-13T09:41:28.820+0000] {standard_task_runner.py:104} INFO - Running: ['airflow', 'tasks', 'run', 'welcome_dag', 'print_welcome', 'manual__2025-04-13T09:40:49.193086+00:00', '--job-id', '5', '--raw', '--subdir', 'DAGS_FOLDER/firstJob.py', '--cfg-path', '/tmp/tmphyry9cj1']
[2025-04-13T09:41:28.830+0000] {standard_task_runner.py:105} INFO - Job 5: Subtask print_welcome
[2025-04-13T09:41:34.531+0000] {task_command.py:467} INFO - Running <TaskInstance: welcome_dag.print_welcome manual__2025-04-13T09:40:49.193086+00:00 [running]> on host de9752ab16f9
[2025-04-13T09:41:53.325+0000] {job.py:229} INFO - Heartbeat recovered after 25.14 seconds
[2025-04-13T09:42:41.337+0000] {job.py:229} INFO - Heartbeat recovered after 57.17 seconds
[2025-04-13T09:42:49.928+0000] {taskinstance.py:3134} INFO - Exporting env vars: AIRFLOW_CTX_DAG_OWNER='airflow' AIRFLOW_CTX_DAG_ID='welcome_dag' AIRFLOW_CTX_TASK_ID='print_welcome' AIRFLOW_CTX_EXECUTION_DATE='2025-04-13T09:40:49.193086+00:00' AIRFLOW_CTX_TRY_NUMBER='1' AIRFLOW_CTX_DAG_RUN_ID='manual__2025-04-13T09:40:49.193086+00:00'
[2025-04-13T09:42:50.432+0000] {taskinstance.py:732} INFO - ::endgroup::
[2025-04-13T09:42:53.230+0000] {job.py:229} INFO - Heartbeat recovered after 12.26 seconds
[2025-04-13T09:44:44.294+0000] {logging_mixin.py:190} INFO - Welcome to Airflow!
[2025-04-13T09:44:44.315+0000] {python.py:240} INFO - Done. Returned value was: None
[2025-04-13T09:44:44.546+0000] {taskinstance.py:341} INFO - ::group::Post task execution logs
[2025-04-13T09:44:44.677+0000] {taskinstance.py:353} INFO - Marking task as SUCCESS. dag_id=welcome_dag, task_id=print_welcome, run_id=manual__2025-04-13T09:40:49.193086+00:00, execution_date=20250413T094049, start_date=20250413T094128, end_date=20250413T094444
[2025-04-13T09:44:46.819+0000] {local_task_job_runner.py:266} INFO - Task exited with return code 0
[2025-04-13T09:44:47.164+0000] {taskinstance.py:3901} INFO - 1 downstream tasks scheduled from follow-on schedule check
[2025-04-13T09:44:47.281+0000] {local_task_job_runner.py:245} INFO - ::endgroup::
